<?xml version="1.0" encoding="UTF-8"?>
<testsuite name="cn.nicepkg.gptrunner.intellij.services.impl.LangChainServiceImplIntegrationTest" tests="1" skipped="0" failures="0" errors="0" timestamp="2024-07-28T04:00:56" hostname="MichaeldeMacBook-Pro-4.local" time="4.963">
  <properties/>
  <testcase name="testGetCodeSuggestion()" classname="cn.nicepkg.gptrunner.intellij.services.impl.LangChainServiceImplIntegrationTest" time="4.963"/>
  <system-out><![CDATA[Starting real API call with context: public class HelloWorld { }
API call result: public static void main(String[] args) {
    // 主方法，程序的入口点
    System.out.println("你好，世界！"); // 输出"你好，世界！"到控制台
}
// 定义一个简单的方法
public void greet(String name) {
    // 打印个性化的问候语
    System.out.println("你好，" + name + "！");
}
]]></system-out>
  <system-err><![CDATA[]]></system-err>
</testsuite>
